[     113ms] [LOG] Angular is running in development mode. @ http://localhost:4200/@fs/Users/LAPTOP-david-001/Development/apps/Angular/canvas-flow-frontend/.angular/cache/20.3.26/canvas-flow-frontend/vite/deps/chunk-ONCGLZD2.js?v=3d48eba0:14746
[  733162ms] [LOG] Angular is running in development mode. @ http://localhost:4200/@fs/Users/LAPTOP-david-001/Development/apps/Angular/canvas-flow-frontend/.angular/cache/20.3.26/canvas-flow-frontend/vite/deps/chunk-ONCGLZD2.js?v=3d48eba0:14746
[  736167ms] [LOG] Angular is running in development mode. @ http://localhost:4200/@fs/Users/LAPTOP-david-001/Development/apps/Angular/canvas-flow-frontend/.angular/cache/20.3.26/canvas-flow-frontend/vite/deps/chunk-ONCGLZD2.js?v=3d48eba0:14746
[ 2168203ms] [LOG] Angular is running in development mode. @ http://localhost:4200/@fs/Users/LAPTOP-david-001/Development/apps/Angular/canvas-flow-frontend/.angular/cache/20.3.26/canvas-flow-frontend/vite/deps/chunk-ONCGLZD2.js?v=3d48eba0:14746
[ 2168698ms] [LOG] Angular is running in development mode. @ http://localhost:4200/@fs/Users/LAPTOP-david-001/Development/apps/Angular/canvas-flow-frontend/.angular/cache/20.3.26/canvas-flow-frontend/vite/deps/chunk-ONCGLZD2.js?v=3d48eba0:14746
[ 2378548ms] [LOG] Angular is running in development mode. @ http://localhost:4200/@fs/Users/LAPTOP-david-001/Development/apps/Angular/canvas-flow-frontend/.angular/cache/20.3.26/canvas-flow-frontend/vite/deps/chunk-ONCGLZD2.js?v=3d48eba0:14746
[ 2388793ms] [LOG] Angular is running in development mode. @ http://localhost:4200/@fs/Users/LAPTOP-david-001/Development/apps/Angular/canvas-flow-frontend/.angular/cache/20.3.26/canvas-flow-frontend/vite/deps/chunk-ONCGLZD2.js?v=3d48eba0:14746
[ 2426066ms] [LOG] Angular is running in development mode. @ http://localhost:4200/@fs/Users/LAPTOP-david-001/Development/apps/Angular/canvas-flow-frontend/.angular/cache/20.3.26/canvas-flow-frontend/vite/deps/chunk-ONCGLZD2.js?v=3d48eba0:14746
[ 2426416ms] [LOG] Angular is running in development mode. @ http://localhost:4200/@fs/Users/LAPTOP-david-001/Development/apps/Angular/canvas-flow-frontend/.angular/cache/20.3.26/canvas-flow-frontend/vite/deps/chunk-ONCGLZD2.js?v=3d48eba0:14746
[ 2552624ms] [LOG] Angular is running in development mode. @ http://localhost:4200/@fs/Users/LAPTOP-david-001/Development/apps/Angular/canvas-flow-frontend/.angular/cache/20.3.26/canvas-flow-frontend/vite/deps/chunk-ONCGLZD2.js?v=3d48eba0:14746
[ 2595129ms] [LOG] Angular is running in development mode. @ http://localhost:4200/@fs/Users/LAPTOP-david-001/Development/apps/Angular/canvas-flow-frontend/.angular/cache/20.3.26/canvas-flow-frontend/vite/deps/chunk-ONCGLZD2.js?v=3d48eba0:14746
[ 2612123ms] [ERROR] Failed to load resource: the server responded with a status of 404 (Not Found) @ http://localhost:3060/v1/ai/generate:0
[ 2684017ms] [LOG] Angular is running in development mode. @ http://localhost:4200/@fs/Users/LAPTOP-david-001/Development/apps/Angular/canvas-flow-frontend/.angular/cache/20.3.26/canvas-flow-frontend/vite/deps/chunk-ONCGLZD2.js?v=3d48eba0:14746
[ 2706427ms] [LOG] Angular is running in development mode. @ http://localhost:4200/@fs/Users/LAPTOP-david-001/Development/apps/Angular/canvas-flow-frontend/.angular/cache/20.3.26/canvas-flow-frontend/vite/deps/chunk-ONCGLZD2.js?v=3d48eba0:14746
[ 2706900ms] [LOG] Angular is running in development mode. @ http://localhost:4200/@fs/Users/LAPTOP-david-001/Development/apps/Angular/canvas-flow-frontend/.angular/cache/20.3.26/canvas-flow-frontend/vite/deps/chunk-ONCGLZD2.js?v=3d48eba0:14746
[ 2707206ms] [LOG] Angular is running in development mode. @ http://localhost:4200/@fs/Users/LAPTOP-david-001/Development/apps/Angular/canvas-flow-frontend/.angular/cache/20.3.26/canvas-flow-frontend/vite/deps/chunk-ONCGLZD2.js?v=3d48eba0:14746
[ 2779095ms] [LOG] Angular is running in development mode. @ http://localhost:4200/@fs/Users/LAPTOP-david-001/Development/apps/Angular/canvas-flow-frontend/.angular/cache/20.3.26/canvas-flow-frontend/vite/deps/chunk-ONCGLZD2.js?v=3d48eba0:14746
[ 2863150ms] [LOG] Angular is running in development mode. @ http://localhost:4200/@fs/Users/LAPTOP-david-001/Development/apps/Angular/canvas-flow-frontend/.angular/cache/20.3.26/canvas-flow-frontend/vite/deps/chunk-ONCGLZD2.js?v=3d48eba0:14746
[ 2890767ms] [LOG] Angular is running in development mode. @ http://localhost:4200/@fs/Users/LAPTOP-david-001/Development/apps/Angular/canvas-flow-frontend/.angular/cache/20.3.26/canvas-flow-frontend/vite/deps/chunk-ONCGLZD2.js?v=3d48eba0:14746
[ 2891066ms] [LOG] Angular is running in development mode. @ http://localhost:4200/@fs/Users/LAPTOP-david-001/Development/apps/Angular/canvas-flow-frontend/.angular/cache/20.3.26/canvas-flow-frontend/vite/deps/chunk-ONCGLZD2.js?v=3d48eba0:14746
[ 2891346ms] [LOG] Angular is running in development mode. @ http://localhost:4200/@fs/Users/LAPTOP-david-001/Development/apps/Angular/canvas-flow-frontend/.angular/cache/20.3.26/canvas-flow-frontend/vite/deps/chunk-ONCGLZD2.js?v=3d48eba0:14746
[ 2891543ms] [LOG] Angular is running in development mode. @ http://localhost:4200/@fs/Users/LAPTOP-david-001/Development/apps/Angular/canvas-flow-frontend/.angular/cache/20.3.26/canvas-flow-frontend/vite/deps/chunk-ONCGLZD2.js?v=3d48eba0:14746
[ 2999613ms] [LOG] Angular is running in development mode. @ http://localhost:4200/@fs/Users/LAPTOP-david-001/Development/apps/Angular/canvas-flow-frontend/.angular/cache/20.3.26/canvas-flow-frontend/vite/deps/chunk-ONCGLZD2.js?v=3d48eba0:14746
[ 3059778ms] [LOG] Angular is running in development mode. @ http://localhost:4200/@fs/Users/LAPTOP-david-001/Development/apps/Angular/canvas-flow-frontend/.angular/cache/20.3.26/canvas-flow-frontend/vite/deps/chunk-ONCGLZD2.js?v=3d48eba0:14746
[ 3060032ms] [LOG] Angular is running in development mode. @ http://localhost:4200/@fs/Users/LAPTOP-david-001/Development/apps/Angular/canvas-flow-frontend/.angular/cache/20.3.26/canvas-flow-frontend/vite/deps/chunk-ONCGLZD2.js?v=3d48eba0:14746
[ 3060249ms] [LOG] Angular is running in development mode. @ http://localhost:4200/@fs/Users/LAPTOP-david-001/Development/apps/Angular/canvas-flow-frontend/.angular/cache/20.3.26/canvas-flow-frontend/vite/deps/chunk-ONCGLZD2.js?v=3d48eba0:14746
[ 3060431ms] [LOG] Angular is running in development mode. @ http://localhost:4200/@fs/Users/LAPTOP-david-001/Development/apps/Angular/canvas-flow-frontend/.angular/cache/20.3.26/canvas-flow-frontend/vite/deps/chunk-ONCGLZD2.js?v=3d48eba0:14746
[ 3060584ms] [LOG] Angular is running in development mode. @ http://localhost:4200/@fs/Users/LAPTOP-david-001/Development/apps/Angular/canvas-flow-frontend/.angular/cache/20.3.26/canvas-flow-frontend/vite/deps/chunk-ONCGLZD2.js?v=3d48eba0:14746
[ 3155933ms] [LOG] Angular is running in development mode. @ http://localhost:4200/@fs/Users/LAPTOP-david-001/Development/apps/Angular/canvas-flow-frontend/.angular/cache/20.3.26/canvas-flow-frontend/vite/deps/chunk-ONCGLZD2.js?v=3d48eba0:14746
[ 3159096ms] [LOG] Angular is running in development mode. @ http://localhost:4200/@fs/Users/LAPTOP-david-001/Development/apps/Angular/canvas-flow-frontend/.angular/cache/20.3.26/canvas-flow-frontend/vite/deps/chunk-ONCGLZD2.js?v=3d48eba0:14746
[ 3165169ms] [LOG] Angular is running in development mode. @ http://localhost:4200/@fs/Users/LAPTOP-david-001/Development/apps/Angular/canvas-flow-frontend/.angular/cache/20.3.26/canvas-flow-frontend/vite/deps/chunk-ONCGLZD2.js?v=3d48eba0:14746
[ 3165370ms] [LOG] Angular is running in development mode. @ http://localhost:4200/@fs/Users/LAPTOP-david-001/Development/apps/Angular/canvas-flow-frontend/.angular/cache/20.3.26/canvas-flow-frontend/vite/deps/chunk-ONCGLZD2.js?v=3d48eba0:14746
[ 3165557ms] [LOG] Angular is running in development mode. @ http://localhost:4200/@fs/Users/LAPTOP-david-001/Development/apps/Angular/canvas-flow-frontend/.angular/cache/20.3.26/canvas-flow-frontend/vite/deps/chunk-ONCGLZD2.js?v=3d48eba0:14746
[ 3187376ms] [LOG] Angular is running in development mode. @ http://localhost:4200/@fs/Users/LAPTOP-david-001/Development/apps/Angular/canvas-flow-frontend/.angular/cache/20.3.26/canvas-flow-frontend/vite/deps/chunk-ONCGLZD2.js?v=3d48eba0:14746
[ 3273703ms] [LOG] Angular is running in development mode. @ http://localhost:4200/@fs/Users/LAPTOP-david-001/Development/apps/Angular/canvas-flow-frontend/.angular/cache/20.3.26/canvas-flow-frontend/vite/deps/chunk-ONCGLZD2.js?v=3d48eba0:14746
[ 3278080ms] [LOG] Angular is running in development mode. @ http://localhost:4200/@fs/Users/LAPTOP-david-001/Development/apps/Angular/canvas-flow-frontend/.angular/cache/20.3.26/canvas-flow-frontend/vite/deps/chunk-ONCGLZD2.js?v=3d48eba0:14746
[ 3281683ms] [LOG] Angular is running in development mode. @ http://localhost:4200/@fs/Users/LAPTOP-david-001/Development/apps/Angular/canvas-flow-frontend/.angular/cache/20.3.26/canvas-flow-frontend/vite/deps/chunk-ONCGLZD2.js?v=3d48eba0:14746
[ 3281864ms] [LOG] Angular is running in development mode. @ http://localhost:4200/@fs/Users/LAPTOP-david-001/Development/apps/Angular/canvas-flow-frontend/.angular/cache/20.3.26/canvas-flow-frontend/vite/deps/chunk-ONCGLZD2.js?v=3d48eba0:14746
[ 3282044ms] [LOG] Angular is running in development mode. @ http://localhost:4200/@fs/Users/LAPTOP-david-001/Development/apps/Angular/canvas-flow-frontend/.angular/cache/20.3.26/canvas-flow-frontend/vite/deps/chunk-ONCGLZD2.js?v=3d48eba0:14746
[ 3404484ms] [LOG] Angular is running in development mode. @ http://localhost:4200/@fs/Users/LAPTOP-david-001/Development/apps/Angular/canvas-flow-frontend/.angular/cache/20.3.26/canvas-flow-frontend/vite/deps/chunk-ONCGLZD2.js?v=3d48eba0:14746
[ 3553883ms] [LOG] Angular is running in development mode. @ http://localhost:4200/@fs/Users/LAPTOP-david-001/Development/apps/Angular/canvas-flow-frontend/.angular/cache/20.3.26/canvas-flow-frontend/vite/deps/chunk-ONCGLZD2.js?v=3d48eba0:14746
[ 3566507ms] [LOG] Angular is running in development mode. @ http://localhost:4200/@fs/Users/LAPTOP-david-001/Development/apps/Angular/canvas-flow-frontend/.angular/cache/20.3.26/canvas-flow-frontend/vite/deps/chunk-ONCGLZD2.js?v=3d48eba0:14746
[ 3619498ms] [ERROR] Failed to load resource: the server responded with a status of 401 (Unauthorized) @ http://localhost:3060/v1/assets?workspaceId=6a0ccd3b321373de9bfbfc39:0
[ 3621436ms] [LOG] Angular is running in development mode. @ http://localhost:4200/@fs/Users/LAPTOP-david-001/Development/apps/Angular/canvas-flow-frontend/.angular/cache/20.3.26/canvas-flow-frontend/vite/deps/chunk-ONCGLZD2.js?v=3d48eba0:14746
[ 3621458ms] [ERROR] Failed to load resource: the server responded with a status of 401 (Unauthorized) @ http://localhost:3060/v1/workspaces/6a0ccd3b321373de9bfbfc39:0
[ 3621465ms] [ERROR] Failed to load resource: the server responded with a status of 401 (Unauthorized) @ http://localhost:3060/v1/projects?workspaceId=6a0ccd3b321373de9bfbfc39:0
[ 3622601ms] [LOG] Angular is running in development mode. @ http://localhost:4200/@fs/Users/LAPTOP-david-001/Development/apps/Angular/canvas-flow-frontend/.angular/cache/20.3.26/canvas-flow-frontend/vite/deps/chunk-ONCGLZD2.js?v=3d48eba0:14746
[ 3622610ms] [ERROR] Failed to load resource: the server responded with a status of 401 (Unauthorized) @ http://localhost:3060/v1/workspaces/6a0ccd3b321373de9bfbfc39:0
[ 3622611ms] [ERROR] Failed to load resource: the server responded with a status of 401 (Unauthorized) @ http://localhost:3060/v1/projects?workspaceId=6a0ccd3b321373de9bfbfc39:0
[ 3623435ms] [LOG] Angular is running in development mode. @ http://localhost:4200/@fs/Users/LAPTOP-david-001/Development/apps/Angular/canvas-flow-frontend/.angular/cache/20.3.26/canvas-flow-frontend/vite/deps/chunk-ONCGLZD2.js?v=3d48eba0:14746
[ 3623452ms] [ERROR] Failed to load resource: the server responded with a status of 401 (Unauthorized) @ http://localhost:3060/v1/workspaces?organizationId=6a0ccd3b321373de9bfbfc35:0
[ 3624828ms] [VERBOSE] [DOM] Input elements should have autocomplete attributes (suggested: "current-password"): (More info: https://goo.gl/9p2vKq) %o @ http://localhost:4200/login:0
[ 3648789ms] [LOG] Angular is running in development mode. @ http://localhost:4200/@fs/Users/LAPTOP-david-001/Development/apps/Angular/canvas-flow-frontend/.angular/cache/20.3.26/canvas-flow-frontend/vite/deps/chunk-ONCGLZD2.js?v=3d48eba0:14746
[ 3656098ms] [LOG] Angular is running in development mode. @ http://localhost:4200/@fs/Users/LAPTOP-david-001/Development/apps/Angular/canvas-flow-frontend/.angular/cache/20.3.26/canvas-flow-frontend/vite/deps/chunk-ONCGLZD2.js?v=3d48eba0:14746
[ 3662582ms] [LOG] Angular is running in development mode. @ http://localhost:4200/@fs/Users/LAPTOP-david-001/Development/apps/Angular/canvas-flow-frontend/.angular/cache/20.3.26/canvas-flow-frontend/vite/deps/chunk-ONCGLZD2.js?v=3d48eba0:14746
[ 3670553ms] [LOG] Angular is running in development mode. @ http://localhost:4200/@fs/Users/LAPTOP-david-001/Development/apps/Angular/canvas-flow-frontend/.angular/cache/20.3.26/canvas-flow-frontend/vite/deps/chunk-ONCGLZD2.js?v=3d48eba0:14746
[ 3702398ms] [LOG] Angular is running in development mode. @ http://localhost:4200/@fs/Users/LAPTOP-david-001/Development/apps/Angular/canvas-flow-frontend/.angular/cache/20.3.26/canvas-flow-frontend/vite/deps/chunk-ONCGLZD2.js?v=3d48eba0:14746
[ 3703234ms] [LOG] Angular is running in development mode. @ http://localhost:4200/@fs/Users/LAPTOP-david-001/Development/apps/Angular/canvas-flow-frontend/.angular/cache/20.3.26/canvas-flow-frontend/vite/deps/chunk-ONCGLZD2.js?v=3d48eba0:14746
[ 3750603ms] [LOG] Angular is running in development mode. @ http://localhost:4200/@fs/Users/LAPTOP-david-001/Development/apps/Angular/canvas-flow-frontend/.angular/cache/20.3.26/canvas-flow-frontend/vite/deps/chunk-ONCGLZD2.js?v=3d48eba0:14746
[ 3758636ms] [LOG] Angular is running in development mode. @ http://localhost:4200/@fs/Users/LAPTOP-david-001/Development/apps/Angular/canvas-flow-frontend/.angular/cache/20.3.26/canvas-flow-frontend/vite/deps/chunk-ONCGLZD2.js?v=3d48eba0:14746
[ 3800792ms] [LOG] Angular is running in development mode. @ http://localhost:4200/@fs/Users/LAPTOP-david-001/Development/apps/Angular/canvas-flow-frontend/.angular/cache/20.3.26/canvas-flow-frontend/vite/deps/chunk-ONCGLZD2.js?v=3d48eba0:14746
[ 3801062ms] [LOG] Angular is running in development mode. @ http://localhost:4200/@fs/Users/LAPTOP-david-001/Development/apps/Angular/canvas-flow-frontend/.angular/cache/20.3.26/canvas-flow-frontend/vite/deps/chunk-ONCGLZD2.js?v=3d48eba0:14746
[ 3801317ms] [LOG] Angular is running in development mode. @ http://localhost:4200/@fs/Users/LAPTOP-david-001/Development/apps/Angular/canvas-flow-frontend/.angular/cache/20.3.26/canvas-flow-frontend/vite/deps/chunk-ONCGLZD2.js?v=3d48eba0:14746
[ 3801450ms] [LOG] Angular is running in development mode. @ http://localhost:4200/@fs/Users/LAPTOP-david-001/Development/apps/Angular/canvas-flow-frontend/.angular/cache/20.3.26/canvas-flow-frontend/vite/deps/chunk-ONCGLZD2.js?v=3d48eba0:14746
